[2025-11-09T18:27:13.019+0000] {taskinstance.py:1157} INFO - Dependencies all met for dep_context=non-requeueable deps ti=<TaskInstance: dag_incremental_etl.python_job manual__2025-11-09T18:27:08.062785+00:00 [queued]>
[2025-11-09T18:27:13.026+0000] {taskinstance.py:1157} INFO - Dependencies all met for dep_context=requeueable deps ti=<TaskInstance: dag_incremental_etl.python_job manual__2025-11-09T18:27:08.062785+00:00 [queued]>
[2025-11-09T18:27:13.026+0000] {taskinstance.py:1359} INFO - Starting attempt 1 of 1
[2025-11-09T18:27:13.037+0000] {taskinstance.py:1380} INFO - Executing <Task(SparkSubmitOperator): python_job> on 2025-11-09 18:27:08.062785+00:00
[2025-11-09T18:27:13.041+0000] {standard_task_runner.py:57} INFO - Started process 852 to run task
[2025-11-09T18:27:13.044+0000] {standard_task_runner.py:84} INFO - Running: ['***', 'tasks', 'run', 'dag_incremental_etl', 'python_job', 'manual__2025-11-09T18:27:08.062785+00:00', '--job-id', '4', '--raw', '--subdir', 'DAGS_FOLDER/minio.py', '--cfg-path', '/tmp/tmpkc2ugp80']
[2025-11-09T18:27:13.049+0000] {standard_task_runner.py:85} INFO - Job 4: Subtask python_job
[2025-11-09T18:27:13.274+0000] {task_command.py:415} INFO - Running <TaskInstance: dag_incremental_etl.python_job manual__2025-11-09T18:27:08.062785+00:00 [running]> on host 7d3cebd96e2d
[2025-11-09T18:27:13.422+0000] {taskinstance.py:1660} INFO - Exporting env vars: AIRFLOW_CTX_DAG_OWNER='Soumil Shah' AIRFLOW_CTX_DAG_ID='dag_incremental_etl' AIRFLOW_CTX_TASK_ID='python_job' AIRFLOW_CTX_EXECUTION_DATE='2025-11-09T18:27:08.062785+00:00' AIRFLOW_CTX_TRY_NUMBER='1' AIRFLOW_CTX_DAG_RUN_ID='manual__2025-11-09T18:27:08.062785+00:00'
[2025-11-09T18:27:13.443+0000] {base.py:73} INFO - Using connection ID 'spark-conn' for task execution.
[2025-11-09T18:27:13.444+0000] {spark_submit.py:403} INFO - Spark-Submit cmd: spark-submit --master spark://spark-master:7077 --conf spark.driver.memory=1g --conf spark.executor.memory=1g --conf spark.executor.instances=1 --packages org.apache.hudi:hudi-spark3.4-bundle_2.12:0.14.0,org.apache.hadoop:hadoop-aws:3.3.2 --name arrow-spark --deploy-mode client jobs/minio.py
[2025-11-09T18:27:13.677+0000] {spark_submit.py:579} INFO - /home/***/.local/lib/python3.9/site-packages/pyspark/bin/load-spark-env.sh: line 68: ps: command not found
[2025-11-09T18:27:17.104+0000] {spark_submit.py:579} INFO - :: loading settings :: url = jar:file:/home/***/.local/lib/python3.9/site-packages/pyspark/jars/ivy-2.5.1.jar!/org/apache/ivy/core/settings/ivysettings.xml
[2025-11-09T18:27:17.307+0000] {spark_submit.py:579} INFO - Ivy Default Cache set to: /home/***/.ivy2/cache
[2025-11-09T18:27:17.307+0000] {spark_submit.py:579} INFO - The jars for the packages stored in: /home/***/.ivy2/jars
[2025-11-09T18:27:17.312+0000] {spark_submit.py:579} INFO - org.apache.hudi#hudi-spark3.4-bundle_2.12 added as a dependency
[2025-11-09T18:27:17.313+0000] {spark_submit.py:579} INFO - org.apache.hadoop#hadoop-aws added as a dependency
[2025-11-09T18:27:17.313+0000] {spark_submit.py:579} INFO - :: resolving dependencies :: org.apache.spark#spark-submit-parent-31054f48-3662-4dd0-9ea6-8d946e44172e;1.0
[2025-11-09T18:27:17.314+0000] {spark_submit.py:579} INFO - confs: [default]
[2025-11-09T18:27:19.513+0000] {spark_submit.py:579} INFO - found org.apache.hudi#hudi-spark3.4-bundle_2.12;0.14.0 in central
[2025-11-09T18:27:21.744+0000] {spark_submit.py:579} INFO - found org.apache.hadoop#hadoop-aws;3.3.2 in central
[2025-11-09T18:27:22.903+0000] {spark_submit.py:579} INFO - found com.amazonaws#aws-java-sdk-bundle;1.11.1026 in central
[2025-11-09T18:27:23.644+0000] {spark_submit.py:579} INFO - found org.wildfly.openssl#wildfly-openssl;1.0.7.Final in central
[2025-11-09T18:27:23.721+0000] {spark_submit.py:579} INFO - downloading https://repo1.maven.org/maven2/org/apache/hudi/hudi-spark3.4-bundle_2.12/0.14.0/hudi-spark3.4-bundle_2.12-0.14.0.jar ...
[2025-11-09T18:28:20.282+0000] {spark_submit.py:579} INFO - [SUCCESSFUL ] org.apache.hudi#hudi-spark3.4-bundle_2.12;0.14.0!hudi-spark3.4-bundle_2.12.jar (56618ms)
[2025-11-09T18:28:20.332+0000] {spark_submit.py:579} INFO - downloading https://repo1.maven.org/maven2/com/amazonaws/aws-java-sdk-bundle/1.11.1026/aws-java-sdk-bundle-1.11.1026.jar ...
[2025-11-09T18:29:50.625+0000] {spark_submit.py:579} INFO - :: resolution report :: resolve 6347ms :: artifacts dl 146965ms
[2025-11-09T18:29:50.627+0000] {spark_submit.py:579} INFO - :: modules in use:
[2025-11-09T18:29:50.627+0000] {spark_submit.py:579} INFO - com.amazonaws#aws-java-sdk-bundle;1.11.1026 from central in [default]
[2025-11-09T18:29:50.627+0000] {spark_submit.py:579} INFO - org.apache.hadoop#hadoop-aws;3.3.2 from central in [default]
[2025-11-09T18:29:50.627+0000] {spark_submit.py:579} INFO - org.apache.hudi#hudi-spark3.4-bundle_2.12;0.14.0 from central in [default]
[2025-11-09T18:29:50.627+0000] {spark_submit.py:579} INFO - org.wildfly.openssl#wildfly-openssl;1.0.7.Final from central in [default]
[2025-11-09T18:29:50.627+0000] {spark_submit.py:579} INFO - ---------------------------------------------------------------------
[2025-11-09T18:29:50.627+0000] {spark_submit.py:579} INFO - |                  |            modules            ||   artifacts   |
[2025-11-09T18:29:50.627+0000] {spark_submit.py:579} INFO - |       conf       | number| search|dwnlded|evicted|| number|dwnlded|
[2025-11-09T18:29:50.627+0000] {spark_submit.py:579} INFO - ---------------------------------------------------------------------
[2025-11-09T18:29:50.627+0000] {spark_submit.py:579} INFO - |      default     |   4   |   4   |   4   |   0   ||   4   |   1   |
[2025-11-09T18:29:50.627+0000] {spark_submit.py:579} INFO - ---------------------------------------------------------------------
[2025-11-09T18:29:50.628+0000] {spark_submit.py:579} INFO - 
[2025-11-09T18:29:50.628+0000] {spark_submit.py:579} INFO - :: problems summary ::
[2025-11-09T18:29:50.629+0000] {spark_submit.py:579} INFO - :::: WARNINGS
[2025-11-09T18:29:50.629+0000] {spark_submit.py:579} INFO - [FAILED     ] com.amazonaws#aws-java-sdk-bundle;1.11.1026!aws-java-sdk-bundle.jar: Downloaded file size (0) doesn't match expected Content Length (226379782) for https://repo1.maven.org/maven2/com/amazonaws/aws-java-sdk-bundle/1.11.1026/aws-java-sdk-bundle-1.11.1026.jar. Please retry. (90339ms)
[2025-11-09T18:29:50.629+0000] {spark_submit.py:579} INFO - 
[2025-11-09T18:29:50.629+0000] {spark_submit.py:579} INFO - [FAILED     ] com.amazonaws#aws-java-sdk-bundle;1.11.1026!aws-java-sdk-bundle.jar: Downloaded file size (0) doesn't match expected Content Length (226379782) for https://repo1.maven.org/maven2/com/amazonaws/aws-java-sdk-bundle/1.11.1026/aws-java-sdk-bundle-1.11.1026.jar. Please retry. (90339ms)
[2025-11-09T18:29:50.629+0000] {spark_submit.py:579} INFO - 
[2025-11-09T18:29:50.629+0000] {spark_submit.py:579} INFO - ==== central: tried
[2025-11-09T18:29:50.629+0000] {spark_submit.py:579} INFO - 
[2025-11-09T18:29:50.629+0000] {spark_submit.py:579} INFO - https://repo1.maven.org/maven2/com/amazonaws/aws-java-sdk-bundle/1.11.1026/aws-java-sdk-bundle-1.11.1026.jar
[2025-11-09T18:29:50.629+0000] {spark_submit.py:579} INFO - 
[2025-11-09T18:29:50.629+0000] {spark_submit.py:579} INFO - ::::::::::::::::::::::::::::::::::::::::::::::
[2025-11-09T18:29:50.629+0000] {spark_submit.py:579} INFO - 
[2025-11-09T18:29:50.629+0000] {spark_submit.py:579} INFO - ::              FAILED DOWNLOADS            ::
[2025-11-09T18:29:50.629+0000] {spark_submit.py:579} INFO - 
[2025-11-09T18:29:50.629+0000] {spark_submit.py:579} INFO - :: ^ see resolution messages for details  ^ ::
[2025-11-09T18:29:50.629+0000] {spark_submit.py:579} INFO - 
[2025-11-09T18:29:50.629+0000] {spark_submit.py:579} INFO - ::::::::::::::::::::::::::::::::::::::::::::::
[2025-11-09T18:29:50.629+0000] {spark_submit.py:579} INFO - 
[2025-11-09T18:29:50.629+0000] {spark_submit.py:579} INFO - :: com.amazonaws#aws-java-sdk-bundle;1.11.1026!aws-java-sdk-bundle.jar
[2025-11-09T18:29:50.629+0000] {spark_submit.py:579} INFO - 
[2025-11-09T18:29:50.629+0000] {spark_submit.py:579} INFO - ::::::::::::::::::::::::::::::::::::::::::::::
[2025-11-09T18:29:50.629+0000] {spark_submit.py:579} INFO - 
[2025-11-09T18:29:50.629+0000] {spark_submit.py:579} INFO - 
[2025-11-09T18:29:50.629+0000] {spark_submit.py:579} INFO - 
[2025-11-09T18:29:50.629+0000] {spark_submit.py:579} INFO - :: USE VERBOSE OR DEBUG MESSAGE LEVEL FOR MORE DETAILS
[2025-11-09T18:29:50.630+0000] {spark_submit.py:579} INFO - Exception in thread "main" java.lang.RuntimeException: [download failed: com.amazonaws#aws-java-sdk-bundle;1.11.1026!aws-java-sdk-bundle.jar]
[2025-11-09T18:29:50.630+0000] {spark_submit.py:579} INFO - at org.apache.spark.deploy.SparkSubmitUtils$.resolveMavenCoordinates(SparkSubmit.scala:1528)
[2025-11-09T18:29:50.630+0000] {spark_submit.py:579} INFO - at org.apache.spark.util.DependencyUtils$.resolveMavenDependencies(DependencyUtils.scala:185)
[2025-11-09T18:29:50.630+0000] {spark_submit.py:579} INFO - at org.apache.spark.deploy.SparkSubmit.prepareSubmitEnvironment(SparkSubmit.scala:332)
[2025-11-09T18:29:50.630+0000] {spark_submit.py:579} INFO - at org.apache.spark.deploy.SparkSubmit.org$apache$spark$deploy$SparkSubmit$$runMain(SparkSubmit.scala:955)
[2025-11-09T18:29:50.630+0000] {spark_submit.py:579} INFO - at org.apache.spark.deploy.SparkSubmit.doRunMain$1(SparkSubmit.scala:192)
[2025-11-09T18:29:50.630+0000] {spark_submit.py:579} INFO - at org.apache.spark.deploy.SparkSubmit.submit(SparkSubmit.scala:215)
[2025-11-09T18:29:50.630+0000] {spark_submit.py:579} INFO - at org.apache.spark.deploy.SparkSubmit.doSubmit(SparkSubmit.scala:91)
[2025-11-09T18:29:50.630+0000] {spark_submit.py:579} INFO - at org.apache.spark.deploy.SparkSubmit$$anon$2.doSubmit(SparkSubmit.scala:1111)
[2025-11-09T18:29:50.630+0000] {spark_submit.py:579} INFO - at org.apache.spark.deploy.SparkSubmit$.main(SparkSubmit.scala:1120)
[2025-11-09T18:29:50.630+0000] {spark_submit.py:579} INFO - at org.apache.spark.deploy.SparkSubmit.main(SparkSubmit.scala)
[2025-11-09T18:29:50.670+0000] {taskinstance.py:1935} ERROR - Task failed with exception
Traceback (most recent call last):
  File "/home/airflow/.local/lib/python3.9/site-packages/airflow/providers/apache/spark/operators/spark_submit.py", line 174, in execute
    self._hook.submit(self.application)
  File "/home/airflow/.local/lib/python3.9/site-packages/airflow/providers/apache/spark/hooks/spark_submit.py", line 505, in submit
    raise AirflowException(
airflow.exceptions.AirflowException: Cannot execute: spark-submit --master spark://spark-master:7077 --conf spark.driver.memory=1g --conf spark.executor.memory=1g --conf spark.executor.instances=1 --packages org.apache.hudi:hudi-spark3.4-bundle_2.12:0.14.0,org.apache.hadoop:hadoop-aws:3.3.2 --name arrow-spark --deploy-mode client jobs/minio.py. Error code is: 1.
[2025-11-09T18:29:50.673+0000] {taskinstance.py:1398} INFO - Marking task as FAILED. dag_id=dag_incremental_etl, task_id=python_job, execution_date=20251109T182708, start_date=20251109T182713, end_date=20251109T182950
[2025-11-09T18:29:50.684+0000] {standard_task_runner.py:104} ERROR - Failed to execute job 4 for task python_job (Cannot execute: spark-submit --master spark://spark-master:7077 --conf spark.driver.memory=1g --conf spark.executor.memory=1g --conf spark.executor.instances=1 --packages org.apache.hudi:hudi-spark3.4-bundle_2.12:0.14.0,org.apache.hadoop:hadoop-aws:3.3.2 --name arrow-spark --deploy-mode client jobs/minio.py. Error code is: 1.; 852)
[2025-11-09T18:29:50.694+0000] {local_task_job_runner.py:228} INFO - Task exited with return code 1
[2025-11-09T18:29:50.714+0000] {taskinstance.py:2776} INFO - 0 downstream tasks scheduled from follow-on schedule check
